# JRE version: OpenJDK Runtime Environment (11.0.12+7) (build 11.0.12+7-b1504.28-7817840)
# Java VM: OpenJDK 64-Bit Server VM (11.0.12+7-b1504.28-7817840, mixed mode, tiered, compressed oops, g1 gc, windows-amd64)
Heap:
 garbage-first heap   total 131072K, used 83536K [0x0000000080000000, 0x0000000100000000)
  region size 1024K, 13 young (13312K), 5 survivors (5120K)
 Metaspace       used 69895K, capacity 71630K, committed 71808K, reserved 1112064K
  class space    used 8959K, capacity 9580K, committed 9600K, reserved 1048576K
GC Heap History (20 events):
Event: 109.880 GC heap before
{Heap before GC invocations=10 (full 0):
 garbage-first heap   total 131072K, used 54528K [0x0000000080000000, 0x0000000100000000)
  region size 1024K, 23 young (23552K), 2 survivors (2048K)
 Metaspace       used 34919K, capacity 35796K, committed 35840K, reserved 1081344K
  class space    used 4645K, capacity 4988K, committed 4992K, reserved 1048576K
}
Event: 109.898 GC heap after
{Heap after GC invocations=11 (full 0):
 garbage-first heap   total 131072K, used 35394K [0x0000000080000000, 0x0000000100000000)
  region size 1024K, 3 young (3072K), 3 survivors (3072K)
 Metaspace       used 34919K, capacity 35796K, committed 35840K, reserved 1081344K
  class space    used 4645K, capacity 4988K, committed 4992K, reserved 1048576K
}
Event: 122.560 GC heap before
{Heap before GC invocations=12 (full 0):
 garbage-first heap   total 131072K, used 84546K [0x0000000080000000, 0x0000000100000000)
  region size 1024K, 49 young (50176K), 3 survivors (3072K)
 Metaspace       used 41204K, capacity 42299K, committed 42496K, reserved 1085440K
  class space    used 5229K, capacity 5616K, committed 5632K, reserved 1048576K
}
Event: 122.591 GC heap after
{Heap after GC invocations=13 (full 0):
 garbage-first heap   total 131072K, used 39725K [0x0000000080000000, 0x0000000100000000)
  region size 1024K, 7 young (7168K), 7 survivors (7168K)
 Metaspace       used 41204K, capacity 42299K, committed 42496K, reserved 1085440K
  class space    used 5229K, capacity 5616K, committed 5632K, reserved 1048576K
}
Event: 144.138 GC heap before
{Heap before GC invocations=13 (full 0):
 garbage-first heap   total 131072K, used 90925K [0x0000000080000000, 0x0000000100000000)
  region size 1024K, 54 young (55296K), 7 survivors (7168K)
 Metaspace       used 44621K, capacity 45814K, committed 45952K, reserved 1089536K
  class space    used 5741K, capacity 6181K, committed 6272K, reserved 1048576K
}
Event: 144.192 GC heap after
{Heap after GC invocations=14 (full 0):
 garbage-first heap   total 131072K, used 46796K [0x0000000080000000, 0x0000000100000000)
  region size 1024K, 4 young (4096K), 4 survivors (4096K)
 Metaspace       used 44621K, capacity 45814K, committed 45952K, reserved 1089536K
  class space    used 5741K, capacity 6181K, committed 6272K, reserved 1048576K
}
Event: 157.726 GC heap before
{Heap before GC invocations=14 (full 0):
 garbage-first heap   total 131072K, used 92876K [0x0000000080000000, 0x0000000100000000)
  region size 1024K, 49 young (50176K), 4 survivors (4096K)
 Metaspace       used 47513K, capacity 48790K, committed 49024K, reserved 1091584K
  class space    used 6043K, capacity 6487K, committed 6528K, reserved 1048576K
}
Event: 157.754 GC heap after
{Heap after GC invocations=15 (full 0):
 garbage-first heap   total 131072K, used 50099K [0x0000000080000000, 0x0000000100000000)
  region size 1024K, 7 young (7168K), 7 survivors (7168K)
 Metaspace       used 47513K, capacity 48790K, committed 49024K, reserved 1091584K
  class space    used 6043K, capacity 6487K, committed 6528K, reserved 1048576K
}
Event: 172.541 GC heap before
{Heap before GC invocations=15 (full 0):
 garbage-first heap   total 131072K, used 100275K [0x0000000080000000, 0x0000000100000000)
  region size 1024K, 52 young (53248K), 7 survivors (7168K)
 Metaspace       used 50722K, capacity 52038K, committed 52096K, reserved 1093632K
  class space    used 6559K, capacity 7036K, committed 7040K, reserved 1048576K
}
Event: 172.582 GC heap after
{Heap after GC invocations=16 (full 0):
 garbage-first heap   total 131072K, used 56792K [0x0000000080000000, 0x0000000100000000)
  region size 1024K, 6 young (6144K), 6 survivors (6144K)
 Metaspace       used 50722K, capacity 52038K, committed 52096K, reserved 1093632K
  class space    used 6559K, capacity 7036K, committed 7040K, reserved 1048576K
}
Event: 190.376 GC heap before
{Heap before GC invocations=16 (full 0):
 garbage-first heap   total 131072K, used 103896K [0x0000000080000000, 0x0000000100000000)
  region size 1024K, 49 young (50176K), 6 survivors (6144K)
 Metaspace       used 52859K, capacity 54253K, committed 54400K, reserved 1095680K
  class space    used 6776K, capacity 7292K, committed 7296K, reserved 1048576K
}
Event: 190.420 GC heap after
{Heap after GC invocations=17 (full 0):
 garbage-first heap   total 131072K, used 67810K [0x0000000080000000, 0x0000000100000000)
  region size 1024K, 7 young (7168K), 7 survivors (7168K)
 Metaspace       used 52859K, capacity 54253K, committed 54400K, reserved 1095680K
  class space    used 6776K, capacity 7292K, committed 7296K, reserved 1048576K
}
Event: 213.075 GC heap before
{Heap before GC invocations=17 (full 0):
 garbage-first heap   total 131072K, used 102626K [0x0000000080000000, 0x0000000100000000)
  region size 1024K, 41 young (41984K), 7 survivors (7168K)
 Metaspace       used 55660K, capacity 57135K, committed 57216K, reserved 1099776K
  class space    used 7210K, capacity 7741K, committed 7808K, reserved 1048576K
}
Event: 213.105 GC heap after
{Heap after GC invocations=18 (full 0):
 garbage-first heap   total 131072K, used 70115K [0x0000000080000000, 0x0000000100000000)
  region size 1024K, 2 young (2048K), 2 survivors (2048K)
 Metaspace       used 55660K, capacity 57135K, committed 57216K, reserved 1099776K
  class space    used 7210K, capacity 7741K, committed 7808K, reserved 1048576K
}
Event: 234.005 GC heap before
{Heap before GC invocations=19 (full 0):
 garbage-first heap   total 131072K, used 104931K [0x0000000080000000, 0x0000000100000000)
  region size 1024K, 36 young (36864K), 2 survivors (2048K)
 Metaspace       used 60059K, capacity 61695K, committed 61952K, reserved 1103872K
  class space    used 7745K, capacity 8343K, committed 8448K, reserved 1048576K
}
Event: 234.030 GC heap after
{Heap after GC invocations=20 (full 0):
 garbage-first heap   total 131072K, used 71933K [0x0000000080000000, 0x0000000100000000)
  region size 1024K, 4 young (4096K), 4 survivors (4096K)
 Metaspace       used 60059K, capacity 61695K, committed 61952K, reserved 1103872K
  class space    used 7745K, capacity 8343K, committed 8448K, reserved 1048576K
}
Event: 252.261 GC heap before
{Heap before GC invocations=20 (full 0):
 garbage-first heap   total 131072K, used 105725K [0x0000000080000000, 0x0000000100000000)
  region size 1024K, 37 young (37888K), 4 survivors (4096K)
 Metaspace       used 65056K, capacity 66718K, committed 66944K, reserved 1107968K
  class space    used 8337K, capacity 8967K, committed 9088K, reserved 1048576K
}
Event: 252.286 GC heap after
{Heap after GC invocations=21 (full 0):
 garbage-first heap   total 131072K, used 73305K [0x0000000080000000, 0x0000000100000000)
  region size 1024K, 4 young (4096K), 4 survivors (4096K)
 Metaspace       used 65056K, capacity 66718K, committed 66944K, reserved 1107968K
  class space    used 8337K, capacity 8967K, committed 9088K, reserved 1048576K
}
Event: 263.181 GC heap before
{Heap before GC invocations=22 (full 0):
 garbage-first heap   total 131072K, used 106073K [0x0000000080000000, 0x0000000100000000)
  region size 1024K, 37 young (37888K), 4 survivors (4096K)
 Metaspace       used 69074K, capacity 70833K, committed 71040K, reserved 1110016K
  class space    used 8856K, capacity 9510K, committed 9600K, reserved 1048576K
}
Event: 263.210 GC heap after
{Heap after GC invocations=23 (full 0):
 garbage-first heap   total 131072K, used 76368K [0x0000000080000000, 0x0000000100000000)
  region size 1024K, 5 young (5120K), 5 survivors (5120K)
 Metaspace       used 69074K, capacity 70833K, committed 71040K, reserved 1110016K
  class space    used 8856K, capacity 9510K, committed 9600K, reserved 1048576K
}

